  ..\..\Source\examples\assign-base-inaccessible.cpp(17): warning C4626: 'Boo' : assignment operator could not be generated because a base class assignment operator is inaccessible or deleted [\_builds\ForTesting\example_assign-base-inaccessible.vcxproj]
  ..\..\Source\examples\assign-could-not-be-generated.cpp(14): warning C4512: 'Boo' : assignment operator could not be generated [\_builds\ForTesting\example_assign-could-not-be-generated.vcxproj]
  ..\..\Source\examples\behavior-change.cpp(29): warning C4350: behavior change: 'B::B(A)' called instead of 'B::B(B &)' [\_builds\ForTesting\example_behavior-change.vcxproj]
  ..\..\Source\examples\catch-semantic-changed.cpp(13): warning C4571: Informational: catch(...) semantics changed since Visual C++ 7.1; structured exceptions (SEH) are no longer caught [\_builds\ForTesting\example_catch-semantic-changed.vcxproj]
  ..\..\Source\examples\constant-conditional.cpp(9): warning C4127: conditional expression is constant [\_builds\ForTesting\example_constant-conditional.vcxproj]
  ..\..\Source\examples\conversion-loss.cpp(19): warning C4242: '=' : conversion from 'int' to 'char', possible loss of data [\_builds\ForTesting\example_conversion-loss.vcxproj]
  ..\..\Source\examples\conversion-sign-extended.cpp(13): warning C4826: Conversion from 'void *' to 'uint64_t' is sign-extended. This may cause unexpected runtime behavior. [\_builds\ForTesting\example_conversion-sign-extended.vcxproj]
  ..\..\Source\examples\conversion.cpp(18): warning C4244: 'argument' : conversion from 'double' to 'int', possible loss of data [\_builds\ForTesting\example_conversion.vcxproj]
  ..\..\Source\examples\copy-ctor-could-not-be-generated.cpp(18): warning C4625: 'Boo' : copy constructor could not be generated because a base class copy constructor is inaccessible or deleted [\_builds\ForTesting\example_copy-ctor-could-not-be-generated.vcxproj]
  ..\..\Source\examples\deprecated-declarations.cpp(27): warning C4996: 'foo': was declared deprecated [\_builds\ForTesting\example_deprecated-declarations.vcxproj]
  ..\..\Source\examples\dflt-ctor-base-inaccessible.cpp(21): warning C4623: 'Boo' : default constructor could not be generated because a base class default constructor is inaccessible or deleted [\_builds\ForTesting\example_dflt-ctor-base-inaccessible.vcxproj]
  ..\..\Source\examples\dflt-ctor-could-not-be-generated.cpp(14): warning C4510: 'Boo' : default constructor could not be generated [\_builds\ForTesting\example_dflt-ctor-could-not-be-generated.vcxproj]
  ..\..\Source\examples\digraphs-not-supported.cpp(13): warning C4628: digraphs not supported with -Ze. Character sequence '<:' not interpreted as alternate token for '[' [\_builds\ForTesting\example_digraphs-not-supported.vcxproj]
  ..\..\Source\examples\ill-formed-comma-expr.cpp(11): warning C4548: expression before comma has no effect; expected expression with side-effect [\_builds\ForTesting\example_ill-formed-comma-expr.vcxproj]
  ..\..\Source\examples\inherits-via-dominance.cpp(38): warning C4250: 'Baz' : inherits 'Boo::Boo::foo' via dominance [\_builds\ForTesting\example_inherits-via-dominance.vcxproj]
  ..\..\Source\examples\is-defined-to-be.cpp(11): warning C4574: 'FOO' is defined to be '0': did you mean to use '#if FOO'? [\_builds\ForTesting\example_is-defined-to-be.vcxproj]
  ..\..\Source\examples\.cpp(11): warning C4619: #pragma warning : there is no warning number '4675' [\_builds\ForTesting\example_.vcxproj]
  ..\..\Source\examples\non-virtual-dtor.cpp(11): warning C4265: 'Foo' : class has virtual functions, but destructor is not virtual [\_builds\ForTesting\example_non-virtual-dtor.vcxproj]
  ..\..\Source\examples\object-layout-change.cpp(13): warning C4435: 'B' : Object layout under /vd2 will change due to virtual base 'A' [\_builds\ForTesting\example_object-layout-change.vcxproj]
  ..\..\Source\examples\padded.cpp(10): warning C4820: 'Foo' : '3' bytes padding added after data member 'Foo::x' [\_builds\ForTesting\example_padded.vcxproj]
  ..\..\Source\examples\sign-compare.cpp(11): warning C4389: '==' : signed/unsigned mismatch [\_builds\ForTesting\example_sign-compare.vcxproj]
  ..\..\Source\examples\sign-conversion.cpp(12): warning C4365: 'return' : conversion from 'unsigned int' to 'int', signed/unsigned mismatch [\_builds\ForTesting\example_sign-conversion.vcxproj]
  ..\..\Source\examples\signed-unsigned-compare.cpp(15): warning C4388: '==' : signed/unsigned mismatch [\_builds\ForTesting\example_signed-unsigned-compare.vcxproj]
  ..\..\Source\examples\static-ctor-not-thread-safe.cpp(15): warning C4640: 'foo' : construction of local static object is not thread-safe [\_builds\ForTesting\example_static-ctor-not-thread-safe.vcxproj]
  ..\..\Source\examples\switch-enum.cpp(21): warning C4061: enumerator 'B' in switch of enum 'Foo' is not explicitly handled by a case label [\_builds\ForTesting\example_switch-enum.vcxproj]
  ..\..\Source\examples\switch.cpp(19): warning C4062: enumerator 'B' in switch of enum 'X' is not handled [\_builds\ForTesting\example_switch.vcxproj]
  ..\..\Source\examples\this-used-in-init.cpp(18): warning C4355: 'this' : used in base member initializer list [\_builds\ForTesting\example_this-used-in-init.vcxproj]
  ..\..\Source\examples\undef.cpp(8): warning C4668: 'VERY_STRANGE_MACRO' is not defined as a preprocessor macro, replacing with '0' for '#if/#elif' [\_builds\ForTesting\example_undef.vcxproj]
  ..\..\Source\examples\unsafe-conversion.cpp(17): warning C4191: 'type cast' : unsafe conversion from 'void (__cdecl *)(int)' to 'func' [\_builds\ForTesting\example_unsafe-conversion.vcxproj]
  ..\..\Source\examples\unused-parameter.cpp(10): warning C4100: 'a' : unreferenced formal parameter [\_builds\ForTesting\example_unused-parameter.vcxproj]
  ..\..\Source\examples\unused-value.cpp(10): warning C4555: expression has no effect; expected expression with side-effect [\_builds\ForTesting\example_unused-value.vcxproj]
  ..\..\Source\examples\user-ctor-required.cpp(19): warning C4610: class 'Boo' can never be instantiated - user defined constructor required [\_builds\ForTesting\example_user-ctor-required.vcxproj]
  \source\examples\automatic-inline.cpp(17): warning C4711: function 'void __cdecl foo(void)' selected for automatic inline expansion [\_builds\ForTesting\example_automatic-inline.vcxproj]
  \source\examples\unreachable-code.cpp(11): warning C4702: unreachable code [\_builds\ForTesting\example_unreachable-code.vcxproj]
..\..\Source\examples\assign-base-inaccessible.cpp(17): warning C4626: 'Boo' : assignment operator could not be generated because a base class assignment operator is inaccessible or deleted [\_builds\ForTesting\example_assign-base-inaccessible.vcxproj]
..\..\Source\examples\assign-could-not-be-generated.cpp(14): warning C4512: 'Boo' : assignment operator could not be generated [\_builds\ForTesting\example_assign-could-not-be-generated.vcxproj]
..\..\Source\examples\behavior-change.cpp(29): warning C4350: behavior change: 'B::B(A)' called instead of 'B::B(B &)' [\_builds\ForTesting\example_behavior-change.vcxproj]
..\..\Source\examples\catch-semantic-changed.cpp(13): warning C4571: Informational: catch(...) semantics changed since Visual C++ 7.1; structured exceptions (SEH) are no longer caught [\_builds\ForTesting\example_catch-semantic-changed.vcxproj]
..\..\Source\examples\constant-conditional.cpp(9): warning C4127: conditional expression is constant [\_builds\ForTesting\example_constant-conditional.vcxproj]
..\..\Source\examples\conversion-loss.cpp(19): warning C4242: '=' : conversion from 'int' to 'char', possible loss of data [\_builds\ForTesting\example_conversion-loss.vcxproj]
..\..\Source\examples\conversion-sign-extended.cpp(13): warning C4826: Conversion from 'void *' to 'uint64_t' is sign-extended. This may cause unexpected runtime behavior. [\_builds\ForTesting\example_conversion-sign-extended.vcxproj]
..\..\Source\examples\conversion.cpp(18): warning C4244: 'argument' : conversion from 'double' to 'int', possible loss of data [\_builds\ForTesting\example_conversion.vcxproj]
..\..\Source\examples\copy-ctor-could-not-be-generated.cpp(18): warning C4625: 'Boo' : copy constructor could not be generated because a base class copy constructor is inaccessible or deleted [\_builds\ForTesting\example_copy-ctor-could-not-be-generated.vcxproj]
..\..\Source\examples\deprecated-declarations.cpp(27): warning C4996: 'foo': was declared deprecated [\_builds\ForTesting\example_deprecated-declarations.vcxproj]
..\..\Source\examples\dflt-ctor-base-inaccessible.cpp(21): warning C4623: 'Boo' : default constructor could not be generated because a base class default constructor is inaccessible or deleted [\_builds\ForTesting\example_dflt-ctor-base-inaccessible.vcxproj]
..\..\Source\examples\dflt-ctor-could-not-be-generated.cpp(14): warning C4510: 'Boo' : default constructor could not be generated [\_builds\ForTesting\example_dflt-ctor-could-not-be-generated.vcxproj]
..\..\Source\examples\digraphs-not-supported.cpp(13): warning C4628: digraphs not supported with -Ze. Character sequence '<:' not interpreted as alternate token for '[' [\_builds\ForTesting\example_digraphs-not-supported.vcxproj]
..\..\Source\examples\ill-formed-comma-expr.cpp(11): warning C4548: expression before comma has no effect; expected expression with side-effect [\_builds\ForTesting\example_ill-formed-comma-expr.vcxproj]
..\..\Source\examples\inherits-via-dominance.cpp(38): warning C4250: 'Baz' : inherits 'Boo::Boo::foo' via dominance [\_builds\ForTesting\example_inherits-via-dominance.vcxproj]
..\..\Source\examples\is-defined-to-be.cpp(11): warning C4574: 'FOO' is defined to be '0': did you mean to use '#if FOO'? [\_builds\ForTesting\example_is-defined-to-be.vcxproj]
..\..\Source\examples\.cpp(11): warning C4619: #pragma warning : there is no warning number '4675' [\_builds\ForTesting\example_.vcxproj]
..\..\Source\examples\non-virtual-dtor.cpp(11): warning C4265: 'Foo' : class has virtual functions, but destructor is not virtual [\_builds\ForTesting\example_non-virtual-dtor.vcxproj]
..\..\Source\examples\object-layout-change.cpp(13): warning C4435: 'B' : Object layout under /vd2 will change due to virtual base 'A' [\_builds\ForTesting\example_object-layout-change.vcxproj]
..\..\Source\examples\padded.cpp(10): warning C4820: 'Foo' : '3' bytes padding added after data member 'Foo::x' [\_builds\ForTesting\example_padded.vcxproj]
..\..\Source\examples\sign-compare.cpp(11): warning C4389: '==' : signed/unsigned mismatch [\_builds\ForTesting\example_sign-compare.vcxproj]
..\..\Source\examples\sign-conversion.cpp(12): warning C4365: 'return' : conversion from 'unsigned int' to 'int', signed/unsigned mismatch [\_builds\ForTesting\example_sign-conversion.vcxproj]
..\..\Source\examples\signed-unsigned-compare.cpp(15): warning C4388: '==' : signed/unsigned mismatch [\_builds\ForTesting\example_signed-unsigned-compare.vcxproj]
..\..\Source\examples\static-ctor-not-thread-safe.cpp(15): warning C4640: 'foo' : construction of local static object is not thread-safe [\_builds\ForTesting\example_static-ctor-not-thread-safe.vcxproj]
..\..\Source\examples\switch-enum.cpp(21): warning C4061: enumerator 'B' in switch of enum 'Foo' is not explicitly handled by a case label [\_builds\ForTesting\example_switch-enum.vcxproj]
..\..\Source\examples\switch.cpp(19): warning C4062: enumerator 'B' in switch of enum 'X' is not handled [\_builds\ForTesting\example_switch.vcxproj]
..\..\Source\examples\this-used-in-init.cpp(18): warning C4355: 'this' : used in base member initializer list [\_builds\ForTesting\example_this-used-in-init.vcxproj]
..\..\Source\examples\undef.cpp(8): warning C4668: 'VERY_STRANGE_MACRO' is not defined as a preprocessor macro, replacing with '0' for '#if/#elif' [\_builds\ForTesting\example_undef.vcxproj]
..\..\Source\examples\unsafe-conversion.cpp(17): warning C4191: 'type cast' : unsafe conversion from 'void (__cdecl *)(int)' to 'func' [\_builds\ForTesting\example_unsafe-conversion.vcxproj]
..\..\Source\examples\unused-parameter.cpp(10): warning C4100: 'a' : unreferenced formal parameter [\_builds\ForTesting\example_unused-parameter.vcxproj]
..\..\Source\examples\unused-value.cpp(10): warning C4555: expression has no effect; expected expression with side-effect [\_builds\ForTesting\example_unused-value.vcxproj]
..\..\Source\examples\user-ctor-required.cpp(19): warning C4610: class 'Boo' can never be instantiated - user defined constructor required [\_builds\ForTesting\example_user-ctor-required.vcxproj]
\source\examples\automatic-inline.cpp(17): warning C4711: function 'void __cdecl foo(void)' selected for automatic inline expansion [\_builds\ForTesting\example_automatic-inline.vcxproj]
\source\examples\unreachable-code.cpp(11): warning C4702: unreachable code [\_builds\ForTesting\example_unreachable-code.vcxproj]
